<?xml version="1.0" encoding="utf-8"?><testsuites name="pytest tests"><testsuite name="pytest" errors="0" failures="0" skipped="0" tests="213" time="43.992" timestamp="2026-03-26T04:02:34.043732+00:00" hostname="runnervm46oaq"><testcase classname="tests.bezier_simplex" name="test_zeros[0-0-0]" time="0.003" /><testcase classname="tests.bezier_simplex" name="test_zeros[0-0-1]" time="0.002" /><testcase classname="tests.bezier_simplex" name="test_zeros[0-0-2]" time="0.002" /><testcase classname="tests.bezier_simplex" name="test_zeros[0-1-0]" time="0.001" /><testcase classname="tests.bezier_simplex" name="test_zeros[0-1-1]" time="0.001" /><testcase classname="tests.bezier_simplex" name="test_zeros[0-1-2]" time="0.001" /><testcase classname="tests.bezier_simplex" name="test_zeros[0-2-0]" time="0.001" /><testcase classname="tests.bezier_simplex" name="test_zeros[0-2-1]" time="0.002" /><testcase classname="tests.bezier_simplex" name="test_zeros[0-2-2]" time="0.001" /><testcase classname="tests.bezier_simplex" name="test_zeros[1-0-0]" time="0.002" /><testcase classname="tests.bezier_simplex" name="test_zeros[1-0-1]" time="0.001" /><testcase classname="tests.bezier_simplex" name="test_zeros[1-0-2]" time="0.002" /><testcase classname="tests.bezier_simplex" name="test_zeros[1-1-0]" time="0.002" /><testcase classname="tests.bezier_simplex" name="test_zeros[1-1-1]" time="0.001" /><testcase classname="tests.bezier_simplex" name="test_zeros[1-1-2]" time="0.002" /><testcase classname="tests.bezier_simplex" name="test_zeros[1-2-0]" time="0.001" /><testcase classname="tests.bezier_simplex" name="test_zeros[1-2-1]" time="0.001" /><testcase classname="tests.bezier_simplex" name="test_zeros[1-2-2]" time="0.002" /><testcase classname="tests.bezier_simplex" name="test_zeros[2-0-0]" time="0.001" /><testcase classname="tests.bezier_simplex" name="test_zeros[2-0-1]" time="0.002" /><testcase classname="tests.bezier_simplex" name="test_zeros[2-0-2]" time="0.002" /><testcase classname="tests.bezier_simplex" name="test_zeros[2-1-0]" time="0.001" /><testcase classname="tests.bezier_simplex" name="test_zeros[2-1-1]" time="0.002" /><testcase classname="tests.bezier_simplex" name="test_zeros[2-1-2]" time="0.002" /><testcase classname="tests.bezier_simplex" name="test_zeros[2-2-0]" time="0.001" /><testcase classname="tests.bezier_simplex" name="test_zeros[2-2-1]" time="0.002" /><testcase classname="tests.bezier_simplex" name="test_zeros[2-2-2]" time="0.002" /><testcase classname="tests.bezier_simplex" name="test_rand[0-0-0]" time="0.002" /><testcase classname="tests.bezier_simplex" name="test_rand[0-0-1]" time="0.001" /><testcase classname="tests.bezier_simplex" name="test_rand[0-0-2]" time="0.001" /><testcase classname="tests.bezier_simplex" name="test_rand[0-1-0]" time="0.001" /><testcase classname="tests.bezier_simplex" name="test_rand[0-1-1]" time="0.001" /><testcase classname="tests.bezier_simplex" name="test_rand[0-1-2]" time="0.002" /><testcase classname="tests.bezier_simplex" name="test_rand[0-2-0]" time="0.001" /><testcase classname="tests.bezier_simplex" name="test_rand[0-2-1]" time="0.001" /><testcase classname="tests.bezier_simplex" name="test_rand[0-2-2]" time="0.001" /><testcase classname="tests.bezier_simplex" name="test_rand[1-0-0]" time="0.001" /><testcase classname="tests.bezier_simplex" name="test_rand[1-0-1]" time="0.001" /><testcase classname="tests.bezier_simplex" name="test_rand[1-0-2]" time="0.002" /><testcase classname="tests.bezier_simplex" name="test_rand[1-1-0]" time="0.001" /><testcase classname="tests.bezier_simplex" name="test_rand[1-1-1]" time="0.001" /><testcase classname="tests.bezier_simplex" name="test_rand[1-1-2]" time="0.002" /><testcase classname="tests.bezier_simplex" name="test_rand[1-2-0]" time="0.002" /><testcase classname="tests.bezier_simplex" name="test_rand[1-2-1]" time="0.002" /><testcase classname="tests.bezier_simplex" name="test_rand[1-2-2]" time="0.001" /><testcase classname="tests.bezier_simplex" name="test_rand[2-0-0]" time="0.001" /><testcase classname="tests.bezier_simplex" name="test_rand[2-0-1]" time="0.002" /><testcase classname="tests.bezier_simplex" name="test_rand[2-0-2]" time="0.002" /><testcase classname="tests.bezier_simplex" name="test_rand[2-1-0]" time="0.001" /><testcase classname="tests.bezier_simplex" name="test_rand[2-1-1]" time="0.002" /><testcase classname="tests.bezier_simplex" name="test_rand[2-1-2]" time="0.002" /><testcase classname="tests.bezier_simplex" name="test_rand[2-2-0]" time="0.002" /><testcase classname="tests.bezier_simplex" name="test_rand[2-2-1]" time="0.002" /><testcase classname="tests.bezier_simplex" name="test_rand[2-2-2]" time="0.002" /><testcase classname="tests.bezier_simplex" name="test_randn[0-0-0]" time="0.002" /><testcase classname="tests.bezier_simplex" name="test_randn[0-0-1]" time="0.001" /><testcase classname="tests.bezier_simplex" name="test_randn[0-0-2]" time="0.001" /><testcase classname="tests.bezier_simplex" name="test_randn[0-1-0]" time="0.001" /><testcase classname="tests.bezier_simplex" name="test_randn[0-1-1]" time="0.002" /><testcase classname="tests.bezier_simplex" name="test_randn[0-1-2]" time="0.001" /><testcase classname="tests.bezier_simplex" name="test_randn[0-2-0]" time="0.001" /><testcase classname="tests.bezier_simplex" name="test_randn[0-2-1]" time="0.001" /><testcase classname="tests.bezier_simplex" name="test_randn[0-2-2]" time="0.001" /><testcase classname="tests.bezier_simplex" name="test_randn[1-0-0]" time="0.002" /><testcase classname="tests.bezier_simplex" name="test_randn[1-0-1]" time="0.001" /><testcase classname="tests.bezier_simplex" name="test_randn[1-0-2]" time="0.001" /><testcase classname="tests.bezier_simplex" name="test_randn[1-1-0]" time="0.002" /><testcase classname="tests.bezier_simplex" name="test_randn[1-1-1]" time="0.002" /><testcase classname="tests.bezier_simplex" name="test_randn[1-1-2]" time="0.002" /><testcase classname="tests.bezier_simplex" name="test_randn[1-2-0]" time="0.002" /><testcase classname="tests.bezier_simplex" name="test_randn[1-2-1]" time="0.002" /><testcase classname="tests.bezier_simplex" name="test_randn[1-2-2]" time="0.001" /><testcase classname="tests.bezier_simplex" name="test_randn[2-0-0]" time="0.001" /><testcase classname="tests.bezier_simplex" name="test_randn[2-0-1]" time="0.002" /><testcase classname="tests.bezier_simplex" name="test_randn[2-0-2]" time="0.002" /><testcase classname="tests.bezier_simplex" name="test_randn[2-1-0]" time="0.001" /><testcase classname="tests.bezier_simplex" name="test_randn[2-1-1]" time="0.002" /><testcase classname="tests.bezier_simplex" name="test_randn[2-1-2]" time="0.002" /><testcase classname="tests.bezier_simplex" name="test_randn[2-2-0]" time="0.002" /><testcase classname="tests.bezier_simplex" name="test_randn[2-2-1]" time="0.002" /><testcase classname="tests.bezier_simplex" name="test_randn[2-2-2]" time="0.002" /><testcase classname="tests.bezier_simplex" name="test_simplex_indices[0-0]" time="0.001" /><testcase classname="tests.bezier_simplex" name="test_simplex_indices[0-1]" time="0.001" /><testcase classname="tests.bezier_simplex" name="test_simplex_indices[0-2]" time="0.001" /><testcase classname="tests.bezier_simplex" name="test_simplex_indices[1-0]" time="0.001" /><testcase classname="tests.bezier_simplex" name="test_simplex_indices[1-1]" time="0.001" /><testcase classname="tests.bezier_simplex" name="test_simplex_indices[1-2]" time="0.001" /><testcase classname="tests.bezier_simplex" name="test_simplex_indices[2-0]" time="0.001" /><testcase classname="tests.bezier_simplex" name="test_simplex_indices[2-1]" time="0.001" /><testcase classname="tests.bezier_simplex" name="test_simplex_indices[2-2]" time="0.001" /><testcase classname="tests.bezier_simplex" name="test_validate_control_points[data0]" time="0.006" /><testcase classname="tests.bezier_simplex" name="test_validate_control_points[data1]" time="0.003" /><testcase classname="tests.bezier_simplex" name="test_validate_control_points[data2]" time="0.004" /><testcase classname="tests.bezier_simplex" name="test_fit" time="10.993" /><testcase classname="tests.bezier_simplex" name="test_partial_fit[instance]" time="7.745" /><testcase classname="tests.bezier_simplex" name="test_partial_fit[rand]" time="8.129" /><testcase classname="tests.bezier_simplex" name="test_partial_fit[file]" time="8.123" /><testcase classname="tests.bezier_simplex" name="test_smoothness_penalty_returns_zero_tensor_without_adjacency" time="0.002" /><testcase classname="tests.bezier_simplex" name="test_smoothness_penalty_nonzero_with_weight" time="0.002" /><testcase classname="tests.bezier_simplex" name="test_smoothness_affects_training_loss" time="0.004" /><testcase classname="tests.bezier_simplex" name="test_fit_with_bezier_simplex_init_rebuilds_adjacency" time="0.162" /><testcase classname="tests.bezier_simplex" name="test_meshgrid_n_params_zero" time="0.002" /><testcase classname="tests.bezier_simplex" name="test_forward_vectorized" time="0.002" /><testcase classname="tests.control_points" name="test_to_parameterdict_key" time="0.001" /><testcase classname="tests.control_points" name="test_control_points___init__[data0-1-2-1]" time="0.001" /><testcase classname="tests.control_points" name="test_control_points___init__[data1-1-2-2]" time="0.001" /><testcase classname="tests.control_points" name="test_control_points___init__[data2-2-2-1]" time="0.001" /><testcase classname="tests.control_points" name="test_control_points___init__[data3-1-3-1]" time="0.001" /><testcase classname="tests.control_points" name="test_control_points___init__[data4-2-3-1]" time="0.001" /><testcase classname="tests.control_points" name="test_control_points___getitem__[data0-index0-value0]" time="0.001" /><testcase classname="tests.control_points" name="test_control_points___getitem__[data1-index1-value1]" time="0.001" /><testcase classname="tests.control_points" name="test_control_points___getitem__[data2-index2-value2]" time="0.001" /><testcase classname="tests.control_points" name="test_control_points___getitem__[data3-index3-value3]" time="0.001" /><testcase classname="tests.control_points" name="test_control_points___getitem__[data4-index4-value4]" time="0.001" /><testcase classname="tests.test_control_point_index_format" name="test_backward_compatibility" time="0.017" /><testcase classname="tests.test_control_point_index_format" name="test_save_load_cycle" time="0.020" /><testcase classname="tests.test_control_point_index_format" name="test_yaml_aesthetics" time="0.002" /><testcase classname="tests.test_control_point_index_format" name="test_training" time="0.078" /><testcase classname="tests.validator" name="test_int_or_str[-1--1]" time="0.001" /><testcase classname="tests.validator" name="test_int_or_str[1-1]" time="0.001" /><testcase classname="tests.validator" name="test_int_or_str[+1-1]" time="0.001" /><testcase classname="tests.validator" name="test_int_or_str[0-0]" time="0.001" /><testcase classname="tests.validator" name="test_int_or_str[-0-0]" time="0.001" /><testcase classname="tests.validator" name="test_int_or_str[+0-0]" time="0.001" /><testcase classname="tests.validator" name="test_int_or_str[1_0-10]" time="0.001" /><testcase classname="tests.validator" name="test_int_or_str[0_0-0]" time="0.001" /><testcase classname="tests.validator" name="test_int_or_str[auto-auto]" time="0.001" /><testcase classname="tests.validator" name="test_int_or_str[None-None]" time="0.001" /><testcase classname="tests.validator" name="test_int_or_str[null-null]" time="0.001" /><testcase classname="tests.validator" name="test_int_or_str[-inf--inf]" time="0.001" /><testcase classname="tests.validator" name="test_int_or_str[inf-inf]" time="0.001" /><testcase classname="tests.validator" name="test_int_or_str[+inf-+inf]" time="0.001" /><testcase classname="tests.validator" name="test_int_or_str[0.0-0.0]" time="0.001" /><testcase classname="tests.validator" name="test_int_or_str[1E2-1E2]" time="0.001" /><testcase classname="tests.validator" name="test_int_or_str[1e2-1e2]" time="0.001" /><testcase classname="tests.validator" name="test_int_or_str[0b1-0b1]" time="0.001" /><testcase classname="tests.validator" name="test_int_or_str[0o1-0o1]" time="0.001" /><testcase classname="tests.validator" name="test_int_or_str[0x1-0x1]" time="0.001" /><testcase classname="tests.validator" name="test_int_or_str[[]-[]]" time="0.001" /><testcase classname="tests.validator" name="test_int_or_str[()-()]" time="0.001" /><testcase classname="tests.validator" name="test_int_or_str[{}-{}]" time="0.001" /><testcase classname="tests.validator" name="test_int_or_str[-]" time="0.001" /><testcase classname="tests.validator" name="test_index_list[[1, 0]-expected0]" time="0.001" /><testcase classname="tests.validator" name="test_index_list[(1, 0)-expected1]" time="0.001" /><testcase classname="tests.validator" name="test_index_list[{1, 0}-expected2]" time="0.001" /><testcase classname="tests.validator" name="test_index_list[()-expected3]" time="0.001" /><testcase classname="tests.validator" name="test_index_list[(())-expected4]" time="0.001" /><testcase classname="tests.validator" name="test_index_list[[()]-expected5]" time="0.001" /><testcase classname="tests.validator" name="test_indices_schema[0-0]" time="0.001" /><testcase classname="tests.validator" name="test_indices_schema[0-1]" time="0.001" /><testcase classname="tests.validator" name="test_indices_schema[1-0]" time="0.001" /><testcase classname="tests.validator" name="test_indices_schema[1-1]" time="0.001" /><testcase classname="tests.validator" name="test_indices_schema_value_error[-1--1]" time="0.001" /><testcase classname="tests.validator" name="test_indices_schema_value_error[-1-0]" time="0.001" /><testcase classname="tests.validator" name="test_indices_schema_value_error[0--1]" time="0.001" /><testcase classname="tests.validator" name="test_validate_simplex_indices[0-0-instance0]" time="0.004" /><testcase classname="tests.validator" name="test_validate_simplex_indices[0-0-instance1]" time="0.004" /><testcase classname="tests.validator" name="test_validate_simplex_indices[0-0-instance2]" time="0.004" /><testcase classname="tests.validator" name="test_validate_simplex_indices[0-1-instance3]" time="0.004" /><testcase classname="tests.validator" name="test_validate_simplex_indices[0-1-instance4]" time="0.004" /><testcase classname="tests.validator" name="test_validate_simplex_indices[0-1-instance5]" time="0.004" /><testcase classname="tests.validator" name="test_validate_simplex_indices[1-0-instance6]" time="0.004" /><testcase classname="tests.validator" name="test_validate_simplex_indices[1-0-instance7]" time="0.004" /><testcase classname="tests.validator" name="test_validate_simplex_indices[1-0-instance8]" time="0.004" /><testcase classname="tests.validator" name="test_validate_simplex_indices[1-1-instance9]" time="0.004" /><testcase classname="tests.validator" name="test_validate_simplex_indices[1-1-instance10]" time="0.004" /><testcase classname="tests.validator" name="test_validate_simplex_indices[2-0-instance11]" time="0.004" /><testcase classname="tests.validator" name="test_validate_simplex_indices[2-0-instance12]" time="0.004" /><testcase classname="tests.validator" name="test_validate_simplex_indices[2-0-instance13]" time="0.004" /><testcase classname="tests.validator" name="test_validate_simplex_indices[2-1-instance14]" time="0.004" /><testcase classname="tests.validator" name="test_validate_simplex_indices[2-1-instance15]" time="0.004" /><testcase classname="tests.validator" name="test_validate_simplex_indices[2-2-instance16]" time="0.004" /><testcase classname="tests.validator" name="test_validate_simplex_indices[2-2-instance17]" time="0.004" /><testcase classname="tests.validator" name="test_validate_simplex_indices[3-0-instance18]" time="0.004" /><testcase classname="tests.validator" name="test_validate_simplex_indices[3-0-instance19]" time="0.004" /><testcase classname="tests.validator" name="test_validate_simplex_indices[3-0-instance20]" time="0.004" /><testcase classname="tests.validator" name="test_validate_simplex_indices[3-1-instance21]" time="0.004" /><testcase classname="tests.validator" name="test_validate_simplex_indices[3-1-instance22]" time="0.004" /><testcase classname="tests.validator" name="test_validate_simplex_indices_value_error[-1--2]" time="0.001" /><testcase classname="tests.validator" name="test_validate_simplex_indices_value_error[-1--1]" time="0.001" /><testcase classname="tests.validator" name="test_validate_simplex_indices_value_error[-1-0]" time="0.001" /><testcase classname="tests.validator" name="test_validate_simplex_indices_value_error[-1-1]" time="0.001" /><testcase classname="tests.validator" name="test_validate_simplex_indices_value_error[-1-2]" time="0.001" /><testcase classname="tests.validator" name="test_validate_simplex_indices_validation_error[0-0-True]" time="0.004" /><testcase classname="tests.validator" name="test_validate_simplex_indices_validation_error[0-0-False]" time="0.004" /><testcase classname="tests.validator" name="test_validate_simplex_indices_validation_error[0-0-None]" time="0.004" /><testcase classname="tests.validator" name="test_validate_simplex_indices_validation_error[0-0-]" time="0.004" /><testcase classname="tests.validator" name="test_validate_simplex_indices_validation_error[0-0-0]" time="0.004" /><testcase classname="tests.validator" name="test_validate_simplex_indices_validation_error[0-0-instance5]" time="0.004" /><testcase classname="tests.validator" name="test_validate_simplex_indices_validation_error[0-0-instance6]" time="0.004" /><testcase classname="tests.validator" name="test_validate_simplex_indices_validation_error[0-0-instance7]" time="0.004" /><testcase classname="tests.validator" name="test_validate_simplex_indices_validation_error[0-0-instance8]" time="0.004" /><testcase classname="tests.validator" name="test_validate_simplex_indices_validation_error[0-0-instance9]" time="0.004" /><testcase classname="tests.validator" name="test_validate_simplex_indices_validation_error[0-0-instance10]" time="0.004" /><testcase classname="tests.validator" name="test_validate_simplex_indices_validation_error[0-0-instance11]" time="0.004" /><testcase classname="tests.validator" name="test_validate_simplex_indices_validation_error[0-0-instance12]" time="0.004" /><testcase classname="tests.validator" name="test_validate_simplex_indices_validation_error[0-0-instance13]" time="0.004" /><testcase classname="tests.validator" name="test_validate_simplex_indices_validation_error[0-0-instance14]" time="0.004" /><testcase classname="tests.validator" name="test_validate_simplex_indices_validation_error[0-0-instance15]" time="0.004" /><testcase classname="tests.validator" name="test_validate_simplex_indices_validation_error[1-0-instance16]" time="0.004" /><testcase classname="tests.validator" name="test_validate_simplex_indices_validation_error[1-0-instance17]" time="0.004" /><testcase classname="tests.validator" name="test_validate_simplex_indices_validation_error[1-0-instance18]" time="0.004" /><testcase classname="tests.validator" name="test_validate_simplex_indices_validation_error[1-0-instance19]" time="0.004" /><testcase classname="tests.validator" name="test_validate_simplex_indices_validation_error[1-1-instance20]" time="0.004" /><testcase classname="tests.validator" name="test_validate_simplex_indices_validation_error[1-1-instance21]" time="0.004" /><testcase classname="tests.validator" name="test_validate_simplex_indices_validation_error[2-0-instance22]" time="0.004" /><testcase classname="tests.validator" name="test_validate_simplex_indices_validation_error[2-0-instance23]" time="0.004" /><testcase classname="tests.validator" name="test_validate_simplex_indices_validation_error[2-0-instance24]" time="0.004" /><testcase classname="tests.validator" name="test_validate_simplex_indices_validation_error[2-0-instance25]" time="0.004" /><testcase classname="tests.validator" name="test_validate_simplex_indices_validation_error[2-1-instance26]" time="0.004" /><testcase classname="tests.validator" name="test_validate_simplex_indices_validation_error[2-1-instance27]" time="0.004" /><testcase classname="tests.validator" name="test_validate_simplex_indices_validation_error[2-1-instance28]" time="0.004" /><testcase classname="tests.validator" name="test_validate_simplex_indices_validation_error[2-1-instance29]" time="0.004" /></testsuite></testsuites>